<?xml version="1.0" encoding="UTF-8"?>
<!-- Generated by org.testng.reporters.JUnitXMLReporter -->
<testsuite hostname="Abdul-Rahman-PC" name="Test1" tests="20" failures="2" timestamp="11 May 2015 17:29:58 GMT" time="0.725" errors="0">
  <testcase name="@AfterClass tearDown" time="0.0" classname="Test.PostTest">
    <failure type="java.lang.NullPointerException">
      <![CDATA[java.lang.NullPointerException
	at com.google.appengine.tools.development.testing.LocalServiceTestHelper.getLocalService(LocalServiceTestHelper.java:589)
	at com.google.appengine.tools.development.testing.LocalDatastoreServiceTestConfig.getLocalDatastoreService(LocalDatastoreServiceTestConfig.java:294)
	at com.google.appengine.tools.development.testing.LocalDatastoreServiceTestConfig.tearDown(LocalDatastoreServiceTestConfig.java:288)
	at com.google.appengine.tools.development.testing.LocalServiceTestHelper.tearDownService(LocalServiceTestHelper.java:548)
	at com.google.appengine.tools.development.testing.LocalServiceTestHelper.tearDown(LocalServiceTestHelper.java:520)
	at Test.PostTest.tearDown(PostTest.java:27)
... Removed 24 stack frames]]>
    </failure>
  </testcase> <!-- @AfterClass tearDown -->
  <testcase name="f2" time="0.559" classname="Test.NewTest"/>
  <testcase name="testSingleMessage" time="0.005" classname="Test.NewTest"/>
  <testcase name="testSavePost" time="0.007" classname="Test.PostTest"/>
  <testcase name="testSavePost" time="0.002" classname="Test.PostTest"/>
  <testcase name="testgetStat" time="0.0" classname="Test.PostTest"/>
  <testcase name="f" time="0.001" classname="Test.UserTest"/>
  <testcase name="testGetUserEntity" time="0.001" classname="Test.UserTest"/>
  <testcase name="testGetUserEntity" time="0.001" classname="Test.UserTest"/>
  <testcase name="testGetUserEntity" time="0.001" classname="Test.UserTest"/>
  <testcase name="testSaveUser" time="0.007" classname="Test.UserTest"/>
  <testcase name="testSaveUser" time="0.002" classname="Test.UserTest"/>
  <testcase name="testSaveUser" time="0.003" classname="Test.UserTest"/>
  <testcase name="testgetPost2" time="0.001" classname="Test.PostTest">
    <failure type="java.lang.NullPointerException" message="No API environment is registered for this thread.">
      <![CDATA[java.lang.NullPointerException: No API environment is registered for this thread.
	at com.google.appengine.api.datastore.DatastoreApiHelper.getCurrentAppId(DatastoreApiHelper.java:117)
	at com.google.appengine.api.datastore.DatastoreApiHelper.getCurrentAppIdNamespace(DatastoreApiHelper.java:133)
	at com.google.appengine.api.datastore.Query.<init>(Query.java:211)
	at com.google.appengine.api.datastore.Query.<init>(Query.java:142)
	at com.FCI.SWE.Models.Post.savePost(Post.java:123)
	at Test.PostTest.testgetPost2(PostTest.java:57)
... Removed 24 stack frames]]>
    </failure>
  </testcase> <!-- testgetPost2 -->
  <testcase name="testGetReq" time="0.009" classname="Test.ReqTest">
    <failure type="java.lang.NullPointerException">
      <![CDATA[java.lang.NullPointerException
	at Test.ReqTest.testGetReq(ReqTest.java:34)
... Removed 24 stack frames]]>
    </failure>
  </testcase> <!-- testGetReq -->
  <testcase name="testReq" time="0.004" classname="Test.ReqTest"/>
  <testcase name="testReq" time="0.003" classname="Test.ReqTest"/>
  <testcase name="testReq" time="0.004" classname="Test.ReqTest"/>
  <testcase name="testLogin" time="0.0" classname="Test.TestService">
    <skipped/>
  </testcase> <!-- testLogin -->
  <testcase name="testPost" time="0.0" classname="Test.TestService">
    <skipped/>
  </testcase> <!-- testPost -->
  <testcase name="testRegistration" time="0.0" classname="Test.TestService">
    <skipped/>
  </testcase> <!-- testRegistration -->
</testsuite> <!-- Test1 -->
